Log file open, 02/09/18 08:37:23
LogWindows: Failed to load 'aqProf.dll' (GetLastError=126)
LogWindows: File 'aqProf.dll' does not exist
LogWindows: Failed to load 'VSPerf140.dll' (GetLastError=126)
LogWindows: File 'VSPerf140.dll' does not exist
LogWindows: Failed to load 'VtuneApi.dll' (GetLastError=126)
LogWindows: File 'VtuneApi.dll' does not exist
LogWindows: Failed to load 'VtuneApi32e.dll' (GetLastError=126)
LogWindows: File 'VtuneApi32e.dll' does not exist
LogInit: Display: Running engine for game: DoNotBreakTheIce
LogPlatformFile: Not using cached read wrapper
LogInit: Display: RandInit(-1779494036) SRandInit(-1779494036).
LogTaskGraph: Started task graph with 5 named threads and 14 total threads with 3 sets of task threads.
LogStats: Stats thread started at 0.154904
LogD3D11RHI: Aftermath initialized
LogPluginManager: Mounting plugin Paper2D
LogPluginManager: Mounting plugin LightPropagationVolume
LogPluginManager: Mounting plugin CodeLiteSourceCodeAccess
LogPluginManager: Mounting plugin GitSourceControl
LogPluginManager: Mounting plugin KDevelopSourceCodeAccess
LogPluginManager: Mounting plugin NullSourceCodeAccess
LogPluginManager: Mounting plugin PerforceSourceControl
LogPluginManager: Mounting plugin SubversionSourceControl
LogPluginManager: Mounting plugin UObjectPlugin
LogPluginManager: Mounting plugin VisualStudioSourceCodeAccess
LogPluginManager: Mounting plugin XCodeSourceCodeAccess
LogPluginManager: Mounting plugin AssetManagerEditor
LogPluginManager: Mounting plugin AudioCapture
LogPluginManager: Mounting plugin FacialAnimation
LogPluginManager: Mounting plugin GameplayTagsEditor
LogPluginManager: Mounting plugin MobileLauncherProfileWizard
LogPluginManager: Mounting plugin PluginBrowser
LogPluginManager: Mounting plugin SpeedTreeImporter
LogPluginManager: Mounting plugin AlembicImporter
LogPluginManager: Mounting plugin CharacterAI
LogPluginManager: Mounting plugin HTML5Networking
LogPluginManager: Mounting plugin AndroidMedia
LogPluginManager: Mounting plugin AvfMedia
LogPluginManager: Mounting plugin MediaPlayerEditor
LogPluginManager: Mounting plugin WmfMedia
LogPluginManager: Mounting plugin TcpMessaging
LogPluginManager: Mounting plugin UdpMessaging
LogPluginManager: Mounting plugin LevelSequenceEditor
LogPluginManager: Mounting plugin MatineeToLevelSequence
LogPluginManager: Mounting plugin OnlineSubsystemGooglePlay
LogPluginManager: Mounting plugin OnlineSubsystemIOS
LogPluginManager: Mounting plugin OnlineSubsystem
LogPluginManager: Mounting plugin OnlineSubsystemNull
LogPluginManager: Mounting plugin OnlineSubsystemUtils
LogPluginManager: Mounting plugin AndroidDeviceProfileSelector
LogPluginManager: Mounting plugin AndroidMoviePlayer
LogPluginManager: Mounting plugin AndroidPermission
LogPluginManager: Mounting plugin AppleMoviePlayer
LogPluginManager: Mounting plugin ArchVisCharacter
LogPluginManager: Mounting plugin CableComponent
LogPluginManager: Mounting plugin CustomMeshComponent
LogPluginManager: Mounting plugin ExampleDeviceProfileSelector
LogPluginManager: Mounting plugin GoogleCloudMessaging
LogPluginManager: Mounting plugin ImmediatePhysics
LogPluginManager: Mounting plugin IOSDeviceProfileSelector
LogPluginManager: Mounting plugin LinuxDeviceProfileSelector
LogPluginManager: Mounting plugin LocationServicesBPLibrary
LogPluginManager: Mounting plugin MobilePatchingUtils
LogPluginManager: Mounting plugin OculusVR
LogPluginManager: Mounting plugin PhysXVehicles
LogPluginManager: Mounting plugin ProceduralMeshComponent
LogPluginManager: Mounting plugin RuntimePhysXCooking
LogPluginManager: Mounting plugin SteamVR
LogPluginManager: Mounting plugin WindowsMoviePlayer
LogInit: Using libcurl 7.47.1
LogInit:  - built for x86_64-pc-win32
LogInit:  - supports SSL with OpenSSL/1.0.2g
LogInit:  - supports HTTP deflate (compression) using libz 1.2.8
LogInit:  - other features:
LogInit:      CURL_VERSION_SSL
LogInit:      CURL_VERSION_LIBZ
LogInit:      CURL_VERSION_IPV6
LogInit:      CURL_VERSION_ASYNCHDNS
LogInit:      CURL_VERSION_LARGEFILE
LogInit:      CURL_VERSION_IDN
LogInit:  CurlRequestOptions (configurable via config and command line):
LogInit:  - bVerifyPeer = false  - Libcurl will NOT verify peer certificate
LogInit:  - bUseHttpProxy = false  - Libcurl will NOT use HTTP proxy
LogInit:  - bDontReuseConnections = false  - Libcurl will reuse connections
LogInit:  - CertBundlePath = nullptr  - Libcurl will use whatever was configured at build time.
LogHMD: Failed initializing OVRPlugin 1.15.0
LogInit: Build: ++UE4+Release-4.17-CL-3658906
LogInit: Engine Version: 4.17.2-3658906+++UE4+Release-4.17
LogInit: Compatible Engine Version: 4.17.0-3573198+++UE4+Release-4.17
LogInit: Net CL: 3573198
LogDevObjectVersion: Number of dev versions registered: 16
LogDevObjectVersion:   Dev-Blueprints (B0D832E4-1F89-4F0D-ACCF-7EB736FD4AA2): 10
LogDevObjectVersion:   Dev-Build (E1C64328-A22C-4D53-A36C-8E866417BD8C): 0
LogDevObjectVersion:   Dev-Core (375EC13C-06E4-48FB-B500-84F0262A717E): 2
LogDevObjectVersion:   Dev-Editor (E4B068ED-F494-42E9-A231-DA0B2E46BB41): 20
LogDevObjectVersion:   Dev-Framework (CFFC743F-43B0-4480-9391-14DF171D2073): 28
LogDevObjectVersion:   Dev-Mobile (B02B49B5-BB20-44E9-A304-32B752E40360): 0
LogDevObjectVersion:   Dev-Networking (A4E4105C-59A1-49B5-A7C5-40C4547EDFEE): 0
LogDevObjectVersion:   Dev-Online (39C831C9-5AE6-47DC-9A44-9C173E1C8E7C): 0
LogDevObjectVersion:   Dev-Physics (78F01B33-EBEA-4F98-B9B4-84EACCB95AA2): 0
LogDevObjectVersion:   Dev-Platform (6631380F-2D4D-43E0-8009-CF276956A95A): 0
LogDevObjectVersion:   Dev-Rendering (12F88B9F-8875-4AFC-A67C-D90C383ABD29): 19
LogDevObjectVersion:   Dev-Sequencer (7B5AE74C-D270-4C10-A958-57980B212A5A): 4
LogDevObjectVersion:   Dev-VR (D7296918-1DD6-4BDD-9DE2-64A83CC13884): 0
LogDevObjectVersion:   Dev-LoadTimes (C2A15278-BFE7-4AFE-6C17-90FF531DF755): 1
LogDevObjectVersion:   Private-Geometry (6EACA3D4-40EC-4CC1-B786-8BED09428FC5): 1
LogDevObjectVersion:   Dev-AnimPhys (29E575DD-E0A3-4627-9D10-D276232CDCEA): 7
LogInit: Compiled (64-bit): Sep 22 2017 13:47:16
LogInit: Compiled with Visual C++: 19.00.24215.01
LogInit: Build Configuration: Development
LogInit: Branch Name: ++UE4+Release-4.17
LogInit: Command line:  
LogInit: Base directory: E:/Epic Games/UE_4.17/Engine/Binaries/Win64/
LogInit: Installed Engine Build: 1
LogInit: Presizing for max 8388607 objects, including 0 objects not considered by GC, pre-allocating 0 bytes for permanent pool.
LogInit: Object subsystem initialized
[2018.02.09-07.37.24:720][  0]LogInit: Selected Device Profile: [Windows]
[2018.02.09-07.37.24:720][  0]LogInit: Applying CVar settings loaded from the selected device profile: [Windows]
[2018.02.09-07.37.24:725][  0]LogInit: Computer: SEVEN-COMMUNITY
[2018.02.09-07.37.24:725][  0]LogInit: User: DEVPLUS
[2018.02.09-07.37.24:725][  0]LogInit: CPU Page size=4096, Cores=4
[2018.02.09-07.37.24:725][  0]LogInit: High frequency timer resolution =4.101572 MHz
[2018.02.09-07.37.24:726][  0]LogMemory: Memory total: Physical=16.0GB (16GB approx)
[2018.02.09-07.37.24:726][  0]LogMemory: Platform Memory Stats for Windows
[2018.02.09-07.37.24:726][  0]LogMemory: Process Physical Memory: 282.57 MB used, 282.57 MB peak
[2018.02.09-07.37.24:726][  0]LogMemory: Process Virtual Memory: 283.90 MB used, 283.90 MB peak
[2018.02.09-07.37.24:726][  0]LogMemory: Physical Memory: 4266.38 MB used,  12075.46 MB free, 16341.85 MB total
[2018.02.09-07.37.24:726][  0]LogMemory: Virtual Memory: 739.47 MB used,  12075.46 MB free, 134217728.00 MB total
[2018.02.09-07.37.24:829][  0]LogInit: Using OS detected language (fr-FR).
[2018.02.09-07.37.24:829][  0]LogInit: Using OS detected locale (fr-FR).
[2018.02.09-07.37.24:832][  0]LogTextLocalizationManager: No localization for 'fr-FR' exists, so 'en' will be used for the language.
[2018.02.09-07.37.24:833][  0]LogTextLocalizationManager: No localization for 'fr-FR' exists, so 'en' will be used for the locale.
[2018.02.09-07.37.25:404][  0]LogD3D11RHI: D3D11 adapters:
[2018.02.09-07.37.25:432][  0]LogD3D11RHI:    0. 'NVIDIA GeForce GTX 1080' (Feature Level 11_0)
[2018.02.09-07.37.25:432][  0]LogD3D11RHI:       8086/0/8170 MB DedicatedVideo/DedicatedSystem/SharedSystem, Outputs:2, VendorId:0x10de
[2018.02.09-07.37.25:435][  0]LogD3D11RHI:    1. 'Microsoft Basic Render Driver' (Feature Level 11_0)
[2018.02.09-07.37.25:435][  0]LogD3D11RHI:       0/0/8170 MB DedicatedVideo/DedicatedSystem/SharedSystem, Outputs:0, VendorId:0x1414
[2018.02.09-07.37.25:435][  0]LogD3D11RHI: Chosen D3D11 Adapter: 0
[2018.02.09-07.37.25:441][  0]LogD3D11RHI: Creating new Direct3DDevice
[2018.02.09-07.37.25:441][  0]LogD3D11RHI:     GPU DeviceId: 0x1b80 (for the marketing name, search the web for "GPU Device Id")
[2018.02.09-07.37.25:441][  0]LogWindows: EnumDisplayDevices:
[2018.02.09-07.37.25:441][  0]LogWindows:    0. 'NVIDIA GeForce GTX 1080' (P:1 D:1)
[2018.02.09-07.37.25:441][  0]LogWindows:    1. 'NVIDIA GeForce GTX 1080' (P:0 D:1)
[2018.02.09-07.37.25:441][  0]LogWindows:    2. 'NVIDIA GeForce GTX 1080' (P:0 D:0)
[2018.02.09-07.37.25:441][  0]LogWindows:    3. 'NVIDIA GeForce GTX 1080' (P:0 D:0)
[2018.02.09-07.37.25:441][  0]LogWindows: DebugString: GetVideoDriverDetailsInvalid PrimaryIsNotTheChoosenAdapter GetVideoDriverDetailsInvalid PrimaryIsNotTheChoosenAdapter GetVideoDriverDetailsInvalid PrimaryIsNotTheChoosenAdapter GetVideoDriverDetailsInvalid PrimaryIsNotTheChoosenAdapter FoundDriverCount:0 
[2018.02.09-07.37.25:441][  0]LogD3D11RHI:     Adapter Name: NVIDIA GeForce GTX 1080
[2018.02.09-07.37.25:441][  0]LogD3D11RHI:   Driver Version: Unknown (internal:Unknown, unified:Unknown)
[2018.02.09-07.37.25:441][  0]LogD3D11RHI:      Driver Date: Unknown
[2018.02.09-07.37.25:441][  0]LogRHI: Texture pool is 1361 MB (70% of 1945 MB)
[2018.02.09-07.37.25:462][  0]LogD3D11RHI: Async texture creation enabled
[2018.02.09-07.37.25:475][  0]LogD3D11RHI: GPU Timing Frequency: 1000.000000 (Debug: 2 1)
[2018.02.09-07.37.25:477][  0]LogShaderCompilers: Guid format shader working directory is 11 characters bigger than the processId version (F:/Epic Games Store/DoNotBreakTheIce/Intermediate/Shaders/WorkingDirectory/12532/).
[2018.02.09-07.37.25:477][  0]LogShaderCompilers: Cleaned the shader compiler working directory 'C:/Users/DEVPLUS/AppData/Local/Temp/UnrealShaderWorkingDir/7FFB849F45C53C89848AE4BD4C3248C3/'.
[2018.02.09-07.37.25:477][  0]LogShaderCompilers: Display: Using Local Shader Compiler.
[2018.02.09-07.37.26:125][  0]LogTemp: Display: Loaded TP AllDesktopTargetPlatform
[2018.02.09-07.37.26:160][  0]LogTemp: Display: Loaded TP MacClientTargetPlatform
[2018.02.09-07.37.26:194][  0]LogTemp: Display: Loaded TP MacNoEditorTargetPlatform
[2018.02.09-07.37.26:231][  0]LogTemp: Display: Loaded TP MacServerTargetPlatform
[2018.02.09-07.37.26:266][  0]LogTemp: Display: Loaded TP MacTargetPlatform
[2018.02.09-07.37.26:300][  0]LogTemp: Display: Loaded TP WindowsClientTargetPlatform
[2018.02.09-07.37.26:337][  0]LogTemp: Display: Loaded TP WindowsNoEditorTargetPlatform
[2018.02.09-07.37.26:374][  0]LogTemp: Display: Loaded TP WindowsServerTargetPlatform
[2018.02.09-07.37.26:404][  0]LogTemp: Display: Loaded TP WindowsTargetPlatform
[2018.02.09-07.37.26:442][  0]LogTemp: Display: Loaded TP AndroidTargetPlatform
[2018.02.09-07.37.26:480][  0]LogTemp: Display: Loaded TP Android_ASTCTargetPlatform
[2018.02.09-07.37.26:516][  0]LogTemp: Display: Loaded TP Android_ATCTargetPlatform
[2018.02.09-07.37.26:551][  0]LogTemp: Display: Loaded TP Android_DXTTargetPlatform
[2018.02.09-07.37.26:587][  0]LogTemp: Display: Loaded TP Android_ETC1TargetPlatform
[2018.02.09-07.37.26:624][  0]LogTemp: Display: Loaded TP Android_ETC2TargetPlatform
[2018.02.09-07.37.26:692][  0]LogTemp: Display: Loaded TP Android_MultiTargetPlatform
[2018.02.09-07.37.26:693][  0]LogTemp: Display: Loaded TP Android_PVRTCTargetPlatform
[2018.02.09-07.37.26:723][  0]LogTemp: Display: Loaded TP HTML5TargetPlatform
[2018.02.09-07.37.26:793][  0]LogTemp: Display: Loaded TP IOSTargetPlatform
[2018.02.09-07.37.26:811][  0]LogTemp: Display: Loaded TP TVOSTargetPlatform
[2018.02.09-07.37.26:845][  0]LogTemp: Display: Loaded TP LinuxClientTargetPlatform
[2018.02.09-07.37.26:884][  0]LogTemp: Display: Loaded TP LinuxNoEditorTargetPlatform
[2018.02.09-07.37.26:917][  0]LogTemp: Display: Loaded TP LinuxServerTargetPlatform
[2018.02.09-07.37.26:953][  0]LogTemp: Display: Loaded TP LinuxTargetPlatform
[2018.02.09-07.37.26:953][  0]LogTargetPlatformManager: Display: Building Assets For Windows
[2018.02.09-07.37.27:255][  0]LogDerivedDataCache: Display: Max Cache Size: 512 MB
[2018.02.09-07.37.27:338][  0]LogDerivedDataCache: Loaded boot cache 0.08s 93MB C:/Users/DEVPLUS/AppData/Local/UnrealEngine/4.17/DerivedDataCache/Boot.ddc.
[2018.02.09-07.37.27:339][  0]LogDerivedDataCache: Display: Loaded Boot cache: C:/Users/DEVPLUS/AppData/Local/UnrealEngine/4.17/DerivedDataCache/Boot.ddc
[2018.02.09-07.37.27:339][  0]LogDerivedDataCache: FDerivedDataBackendGraph:  Pak pak cache file F:/Epic Games Store/DoNotBreakTheIce/DerivedDataCache/DDC.ddp not found, will not use a pak cache.
[2018.02.09-07.37.27:339][  0]LogDerivedDataCache: Unable to find inner node Pak for hierarchical cache Hierarchy.
[2018.02.09-07.37.27:339][  0]LogDerivedDataCache: FDerivedDataBackendGraph:  CompressedPak pak cache file F:/Epic Games Store/DoNotBreakTheIce/DerivedDataCache/Compressed.ddp not found, will not use a pak cache.
[2018.02.09-07.37.27:339][  0]LogDerivedDataCache: Unable to find inner node CompressedPak for hierarchical cache Hierarchy.
[2018.02.09-07.37.27:350][  0]LogDerivedDataCache: Display: Pak cache opened for reading ../../../Engine/DerivedDataCache/Compressed.ddp.
[2018.02.09-07.37.27:362][  0]LogDerivedDataCache: Using Local data cache path C:/Users/DEVPLUS/AppData/Local/UnrealEngine/Common/DerivedDataCache: Writable
[2018.02.09-07.37.27:369][  0]LogMaterial: Verifying Global Shaders for PCD3D_SM5
[2018.02.09-07.37.27:370][  0]LogSlate: Using Freetype 2.6.0
[2018.02.09-07.37.27:371][  0]LogSlate: SlateFontCache - WITH_FREETYPE: 1, WITH_HARFBUZZ: 1
[2018.02.09-07.37.27:371][  0]LogSlate: SlateFontCache - WITH_FREETYPE: 1, WITH_HARFBUZZ: 1
[2018.02.09-07.37.27:600][  0]LogAssetRegistry: FAssetRegistry took 0.0256 seconds to start up
[2018.02.09-07.37.27:676][  0]LogInit: Selected Device Profile: [Windows]
[2018.02.09-07.37.27:784][  0]LogContentStreaming: Texture pool size is 0.00 MB
[2018.02.09-07.37.27:989][  0]LogSimplygon: Simplygon DLL not present - disabling.
[2018.02.09-07.37.28:017][  0]LogMeshReduction: Using SimplygonSwarm for distributed automatic mesh merging
[2018.02.09-07.37.28:017][  0]LogMeshReduction: Using QuadricMeshReduction for automatic static mesh reduction
[2018.02.09-07.37.28:017][  0]LogMeshReduction: No automatic skeletal mesh reduction module available
[2018.02.09-07.37.28:017][  0]LogMeshReduction: No automatic mesh merging module available
[2018.02.09-07.37.28:017][  0]LogMeshMerging: No automatic mesh merging module available
[2018.02.09-07.37.28:286][  0]LogNetVersion: DoNotBreakTheIce , NetCL: 3573198, EngineNetVer: 2, GameNetVer: 0 (Checksum: 1044260979)
[2018.02.09-07.37.28:419][  0]LogPackageLocalizationCache: Processed 5 localized package path(s) for 1 prioritized culture(s) in 0.014243 seconds
[2018.02.09-07.37.28:424][  0]LogUObjectArray: 35825 objects as part of root set at end of initial load.
[2018.02.09-07.37.28:424][  0]LogUObjectAllocator: 7529112 out of 0 bytes used by permanent object pool.
[2018.02.09-07.37.28:424][  0]LogUObjectArray: CloseDisregardForGC: 0/0 objects in disregard for GC pool
[2018.02.09-07.37.28:461][  0]LogInit: WinSock: version 1.1 (2.2), MaxSocks=32767, MaxUdp=65467
[2018.02.09-07.37.30:469][  0]LogTcpMessaging: Initializing TcpMessaging bridge
[2018.02.09-07.37.30:500][  0]LogUdpMessaging: Initializing bridge on interface 0.0.0.0:0 to multicast group 230.0.0.1:6666.
[2018.02.09-07.37.30:966][  0]LogMaterial: Uniform references updated for custom material expression Custom.
[2018.02.09-07.37.31:259][  0]SourceControl: Source control is disabled
[2018.02.09-07.37.31:259][  0]SourceControl: Source control is disabled
[2018.02.09-07.37.31:292][  0]SourceControl: Source control is disabled
[2018.02.09-07.37.31:325][  0]SourceControl: Source control is disabled
[2018.02.09-07.37.31:743][  0]LogAndroidPermission: UAndroidPermissionCallbackProxy::GetInstance
[2018.02.09-07.37.31:918][  0]LogOcInput: OculusInput pre-init called
[2018.02.09-07.37.32:115][  0]LogEngine: Initializing Engine...
[2018.02.09-07.37.32:116][  0]LogHMD: Failed to initialize OpenVR with code 110
[2018.02.09-07.37.32:341][  0]LogStats: UGameplayTagsManager::ConstructGameplayTagTree: Construct from data asset -  0.000 s
[2018.02.09-07.37.32:341][  0]LogStats: UGameplayTagsManager::ConstructGameplayTagTree: GameplayTagTreeChangedEvent.Broadcast -  0.000 s
[2018.02.09-07.37.32:440][  0]LogAIModule: Creating AISystem for world Untitled
[2018.02.09-07.37.32:445][  0]LogInit: XAudio2 using 'Haut-parleurs (Realtek High Definition Audio)' : 2 channels at 48 kHz using 32 bits per sample (channel mask 0x3)
[2018.02.09-07.37.32:475][  0]LogInit: FAudioDevice initialized.
[2018.02.09-07.37.32:567][  0]LogDerivedDataCache: Saved boot cache 0.09s 93MB C:/Users/DEVPLUS/AppData/Local/UnrealEngine/4.17/DerivedDataCache/Boot.ddc.
[2018.02.09-07.37.32:574][  0]LogInit: Texture streaming: Enabled
[2018.02.09-07.37.32:646][  0]LogEngineSessionManager: EngineSessionManager initialized
[2018.02.09-07.37.32:808][  0]LogInit: Transaction tracking system initialized
[2018.02.09-07.37.33:036][  0]BlueprintLog: New page: Editor Load
[2018.02.09-07.37.33:745][  0]LocalizationService: Localization service is disabled
[2018.02.09-07.37.34:761][  0]LogConsoleResponse: Display: 
[2018.02.09-07.37.34:915][  0]LogCook: Display: Max memory allowance for cook 16384mb min free memory 0mb
[2018.02.09-07.37.34:915][  0]LogCook: Display: Mobile HDR setting 1
[2018.02.09-07.37.34:915][  0]LogGameplayTags: Display: UGameplayTagsManager::DoneAddingNativeTags. DelegateIsBound: 0
[2018.02.09-07.37.35:656][  0]LogFileCache: Scanning file cache for directory 'F:/Epic Games Store/DoNotBreakTheIce/Content/' took 0.01s
[2018.02.09-07.37.35:688][  0]SourceControl: Source control is disabled
[2018.02.09-07.37.35:688][  0]Cmd: MAP LOAD FILE="../../../Engine/Content/Maps/Templates/Template_Default.umap" TEMPLATE=1 SHOWPROGRESS=1 FEATURELEVEL=3
[2018.02.09-07.37.35:689][  0]LightingResults: New page: Lighting Build
[2018.02.09-07.37.35:717][  0]MapCheck: New page: Map Check
[2018.02.09-07.37.35:717][  0]LightingResults: New page: Lighting Build
[2018.02.09-07.37.35:857][  0]LogAIModule: Creating AISystem for world Untitled_1
[2018.02.09-07.37.35:862][  0]LogEditorServer: Finished looking for orphan Actors (0.000 secs)
[2018.02.09-07.37.35:870][  0]Cmd: MAP CHECKDEP NOCLEARLOG
[2018.02.09-07.37.35:927][  0]MapCheck: Map check complete: 0 Error(s), 0 Warning(s), took 57.173ms to complete.
[2018.02.09-07.37.35:927][  0]LogFileHelpers: Loading map 'Template_Default' took 0.239
[2018.02.09-07.37.35:991][  0]LogWindowsTextInputMethodSystem: Display: IME system now deactivated.
[2018.02.09-07.37.35:991][  0]LogWindowsTextInputMethodSystem: Display: IME system now deactivated.
[2018.02.09-07.37.36:057][  0]LogCollectionManager: Loaded 0 collections in 0.000786 seconds
[2018.02.09-07.37.36:114][  0]LogFileCache: Scanning file cache for directory 'F:/Epic Games Store/DoNotBreakTheIce/Saved/Collections/' took 0.01s
[2018.02.09-07.37.36:114][  0]LogFileCache: Scanning file cache for directory 'F:/Epic Games Store/DoNotBreakTheIce/Content/Developers/DEVPLUS/Collections/' took 0.01s
[2018.02.09-07.37.36:114][  0]LogFileCache: Scanning file cache for directory 'F:/Epic Games Store/DoNotBreakTheIce/Content/Collections/' took 0.00s
[2018.02.09-07.37.36:114][  0]LogCollectionManager: Rebuilt the GUID cache for 0 collections in 0.000000 seconds
[2018.02.09-07.37.36:120][  0]LogContentBrowser: Native class hierarchy populated in 0.0065 seconds. Added 2386 classes and 500 folders.
[2018.02.09-07.37.36:166][  0]LogContentBrowser: Native class hierarchy updated for 'WidgetCarousel' in 0.0004 seconds. Added 0 classes and 0 folders.
[2018.02.09-07.37.36:203][  0]LogContentBrowser: Native class hierarchy updated for 'AddContentDialog' in 0.0005 seconds. Added 0 classes and 0 folders.
[2018.02.09-07.37.36:235][  0]LogContentBrowser: Native class hierarchy updated for 'SceneOutliner' in 0.0006 seconds. Added 1 classes and 2 folders.
[2018.02.09-07.37.36:291][  0]LogSlate: Took 0.000866 seconds to synchronously load lazily loaded font '../../../Engine/Content/Slate/Fonts/Roboto-Regular.ttf' (155K)
[2018.02.09-07.37.36:295][  0]LogSlate: Took 0.001762 seconds to synchronously load lazily loaded font '../../../Engine/Content/Slate/Fonts/Roboto-Bold.ttf' (160K)
[2018.02.09-07.37.36:303][  0]LogSlate: Took 0.000644 seconds to synchronously load lazily loaded font '../../../Engine/Content/Editor/Slate/Fonts/FontAwesome.ttf' (139K)
[2018.02.09-07.37.36:381][  0]LogRenderer: Reallocating scene render targets to support 1144x612 Format 9 NumSamples 1 (Frame:1).
[2018.02.09-07.37.36:519][  0]LogContentBrowser: Native class hierarchy updated for 'HierarchicalLODOutliner' in 0.0005 seconds. Added 1 classes and 2 folders.
[2018.02.09-07.37.36:519][  0]LogLoad: (Engine Initialization) Total time: 13.48 seconds
[2018.02.09-07.37.36:519][  0]LogLoad: (Engine Initialization) Total Blueprint compile time: 0.00 seconds
[2018.02.09-07.37.36:519][  0]LogExternalProfiler: No external profilers were discovered.  External profiling features will not be available.
[2018.02.09-07.37.36:543][  0]LogAssetRegistry: Asset discovery search completed in 8.9660 seconds
[2018.02.09-07.37.36:544][  0]LogCollectionManager: Rebuilt the object cache for 0 collections in 0.000000 seconds (found 0 objects)
[2018.02.09-07.37.36:544][  0]LogCollectionManager: Fixed up redirectors for 0 collections in 0.000036 seconds (updated 0 objects)
[2018.02.09-07.37.36:546][  0]LogContentStreaming: Texture pool size now 400 MB
[2018.02.09-07.37.36:594][  0]LogSlate: Took 0.000451 seconds to synchronously load lazily loaded font '../../../Engine/Content/Slate/Fonts/Roboto-Light.ttf' (159K)
[2018.02.09-07.37.46:195][129]SourceControl: Error: Failed to enable Git source control. You need to install Git and specify a valid path to git executable.
[2018.02.09-07.37.55:328][220]SourceControl: Error: Failed to enable Git source control. You need to install Git and specify a valid path to git executable.
[2018.02.09-07.37.56:759][384]SourceControl: Source control is disabled
[2018.02.09-07.38.01:159][909]LogSlate: Took 0.000120 seconds to synchronously load lazily loaded font '../../../Engine/Content/Slate/Fonts/Roboto-Light.ttf' (159K)
[2018.02.09-07.38.01:190][909]LogAIModule: Creating AISystem for world level_0
[2018.02.09-07.38.01:206][909]Cmd: MAP LOAD FILE="F:/Epic Games Store/DoNotBreakTheIce/Content/Levels/level_0.umap" TEMPLATE=0 SHOWPROGRESS=1 FEATURELEVEL=3
[2018.02.09-07.38.01:206][909]LightingResults: New page: Lighting Build
[2018.02.09-07.38.01:207][909]LoadErrors: New page: Loading map: level_0.umap
[2018.02.09-07.38.01:207][909]MapCheck: New page: Map Check
[2018.02.09-07.38.01:207][909]LightingResults: New page: Lighting Build
[2018.02.09-07.38.01:251][909]LogEditorServer: Finished looking for orphan Actors (0.000 secs)
[2018.02.09-07.38.01:267][909]Cmd: MAP CHECKDEP NOCLEARLOG
[2018.02.09-07.38.01:310][909]MapCheck: Map check complete: 0 Error(s), 0 Warning(s), took 42.164ms to complete.
[2018.02.09-07.38.01:310][909]LogFileHelpers: Loading map 'level_0' took 0.104
[2018.02.09-07.38.03:123][120]Cmd: OBJ SAVEPACKAGE PACKAGE="/Game/Levels/level_0" FILE="F:/Epic Games Store/DoNotBreakTheIce/Content/Levels/level_0.umap" SILENT=true AUTOSAVING=false KEEPDIRTY=false
[2018.02.09-07.38.03:157][120]LogSavePackage: Save=21.33ms
[2018.02.09-07.38.03:157][120]LogSavePackage: Moving 'F:/Epic Games Store/DoNotBreakTheIce/Saved/level_05A60C59D4F04E2A971AF64BCD53D927B.tmp' to 'F:/Epic Games Store/DoNotBreakTheIce/Content/Levels/level_0.umap'
[2018.02.09-07.38.03:158][120]LogSavePackage: Display: Finished SavePackage F:/Epic Games Store/DoNotBreakTheIce/Content/Levels/level_0.umap
[2018.02.09-07.38.03:170][120]Cmd: OBJ SAVEPACKAGE PACKAGE="/Game/Levels/level_0_BuiltData" FILE="F:/Epic Games Store/DoNotBreakTheIce/Content/Levels/level_0_BuiltData.uasset" SILENT=true
[2018.02.09-07.38.03:184][120]LogSavePackage: Save=12.27ms
[2018.02.09-07.38.03:184][120]LogSavePackage: Moving 'F:/Epic Games Store/DoNotBreakTheIce/Saved/level_0_BuiltDataD46A5B1F4AB2ECAAE86729AC47A72189.tmp' to 'F:/Epic Games Store/DoNotBreakTheIce/Content/Levels/level_0_BuiltData.uasset'
[2018.02.09-07.38.03:185][120]LogSavePackage: Display: Finished SavePackage F:/Epic Games Store/DoNotBreakTheIce/Content/Levels/level_0_BuiltData.uasset
[2018.02.09-07.38.11:282][ 87]SourceControl: Error: Failed to enable Git source control. You need to install Git and specify a valid path to git executable.
[2018.02.09-07.38.12:450][218]LogWindowsTextInputMethodSystem: Display: IME system now deactivated.
[2018.02.09-07.38.12:451][218]LogWindowsTextInputMethodSystem: Display: IME system now deactivated.
[2018.02.09-07.38.12:631][219]Cmd: QUIT_EDITOR
[2018.02.09-07.38.12:652][219]LogExit: Preparing to exit.
[2018.02.09-07.38.13:677][219]LogExit: Editor shut down
[2018.02.09-07.38.13:681][219]LogExit: Transaction tracking system shut down
[2018.02.09-07.38.13:801][219]LogDirectoryWatcher: A directory notification for '../../../Engine/Content/' was aborted.
[2018.02.09-07.38.13:801][219]LogDirectoryWatcher: A directory notification for 'F:/Epic Games Store/DoNotBreakTheIce/Content/' was aborted.
[2018.02.09-07.38.13:801][219]LogDirectoryWatcher: A directory notification for '../../../Engine/Plugins/2D/Paper2D/Content/' was aborted.
[2018.02.09-07.38.13:801][219]LogDirectoryWatcher: A directory notification for '../../../Engine/Plugins/Runtime/Oculus/OculusVR/Content/' was aborted.
[2018.02.09-07.38.13:802][219]LogDirectoryWatcher: A directory notification for '../../../Engine/Plugins/Runtime/Steam/SteamVR/Content/' was aborted.
[2018.02.09-07.38.13:842][219]LogExit: Object subsystem successfully closed.
[2018.02.09-07.38.13:897][219]LogD3D11RHI: Shutdown
[2018.02.09-07.38.13:897][219]LogD3D11RHI: CleanupD3DDevice
[2018.02.09-07.38.13:943][219]LogD3D11RHI: ~FD3D11DynamicRHI
[2018.02.09-07.38.13:961][219]LogModuleManager: Shutting down and abandoning module HierarchicalLODOutliner (530)
[2018.02.09-07.38.13:961][219]LogModuleManager: Shutting down and abandoning module SceneOutliner (528)
[2018.02.09-07.38.13:961][219]LogModuleManager: Shutting down and abandoning module AddContentDialog (526)
[2018.02.09-07.38.13:961][219]LogDirectoryWatcher: A directory notification for 'E:/Epic Games/UE_4.17/FeaturePacks/' was aborted.
[2018.02.09-07.38.13:961][219]LogModuleManager: Shutting down and abandoning module WidgetCarousel (525)
[2018.02.09-07.38.13:961][219]LogModuleManager: Shutting down and abandoning module EditorWidgets (522)
[2018.02.09-07.38.13:962][219]LogModuleManager: Shutting down and abandoning module CollectionManager (520)
[2018.02.09-07.38.13:962][219]LogDirectoryWatcher: A directory notification for 'F:/Epic Games Store/DoNotBreakTheIce/Content/Collections/' was aborted.
[2018.02.09-07.38.13:962][219]LogDirectoryWatcher: A directory notification for 'F:/Epic Games Store/DoNotBreakTheIce/Content/Developers/DEVPLUS/Collections/' was aborted.
[2018.02.09-07.38.13:962][219]LogDirectoryWatcher: A directory notification for 'F:/Epic Games Store/DoNotBreakTheIce/Saved/Collections/' was aborted.
[2018.02.09-07.38.13:962][219]LogModuleManager: Shutting down and abandoning module StatsViewer (518)
[2018.02.09-07.38.13:962][219]LogModuleManager: Shutting down and abandoning module FoliageEdit (516)
[2018.02.09-07.38.13:962][219]LogModuleManager: Shutting down and abandoning module LandscapeEditor (514)
[2018.02.09-07.38.13:962][219]LogModuleManager: Shutting down and abandoning module MeshPaintMode (512)
[2018.02.09-07.38.13:962][219]LogModuleManager: Shutting down and abandoning module SceneDepthPickerMode (510)
[2018.02.09-07.38.13:962][219]LogModuleManager: Shutting down and abandoning module ActorPickerMode (508)
[2018.02.09-07.38.13:962][219]LogModuleManager: Shutting down and abandoning module GeometryMode (506)
[2018.02.09-07.38.13:962][219]LogModuleManager: Shutting down and abandoning module TextureAlignMode (504)
[2018.02.09-07.38.13:962][219]LogModuleManager: Shutting down and abandoning module BspMode (502)
[2018.02.09-07.38.13:962][219]LogModuleManager: Shutting down and abandoning module PIEPreviewDeviceProfileSelector (500)
[2018.02.09-07.38.13:962][219]LogModuleManager: Shutting down and abandoning module HardwareSurvey (498)
[2018.02.09-07.38.13:962][219]LogModuleManager: Shutting down and abandoning module SequenceRecorderSections (496)
[2018.02.09-07.38.13:962][219]LogModuleManager: Shutting down and abandoning module AutomationWorker (494)
[2018.02.09-07.38.13:962][219]LogModuleManager: Shutting down and abandoning module MatineeToLevelSequence (492)
[2018.02.09-07.38.13:962][219]LogModuleManager: Shutting down and abandoning module LevelSequenceEditor (490)
[2018.02.09-07.38.13:962][219]LogModuleManager: Shutting down and abandoning module PlacementMode (489)
[2018.02.09-07.38.13:962][219]LogModuleManager: Shutting down and abandoning module WmfMediaFactory (486)
[2018.02.09-07.38.13:962][219]LogModuleManager: Shutting down and abandoning module WmfMediaEditor (484)
[2018.02.09-07.38.13:962][219]LogModuleManager: Shutting down and abandoning module AvfMediaFactory (482)
[2018.02.09-07.38.13:962][219]LogModuleManager: Shutting down and abandoning module AvfMediaEditor (480)
[2018.02.09-07.38.13:962][219]LogModuleManager: Shutting down and abandoning module AndroidMediaFactory (478)
[2018.02.09-07.38.13:962][219]LogModuleManager: Shutting down and abandoning module Media (477)
[2018.02.09-07.38.13:962][219]LogModuleManager: Shutting down and abandoning module AndroidMediaEditor (474)
[2018.02.09-07.38.13:962][219]LogModuleManager: Shutting down and abandoning module CharacterAI (472)
[2018.02.09-07.38.13:962][219]LogModuleManager: Shutting down and abandoning module AudioCapture (470)
[2018.02.09-07.38.13:962][219]LogModuleManager: Shutting down and abandoning module SequenceRecorder (469)
[2018.02.09-07.38.13:962][219]LogModuleManager: Shutting down and abandoning module SmartSnapping (466)
[2018.02.09-07.38.13:962][219]LogModuleManager: Shutting down and abandoning module SessionServices (464)
[2018.02.09-07.38.13:962][219]LogModuleManager: Shutting down and abandoning module ViewportSnapping (462)
[2018.02.09-07.38.13:962][219]LogModuleManager: Shutting down and abandoning module ViewportInteraction (460)
[2018.02.09-07.38.13:962][219]LogModuleManager: Shutting down and abandoning module ClothPainter (458)
[2018.02.09-07.38.13:962][219]LogModuleManager: Shutting down and abandoning module LogVisualizer (456)
[2018.02.09-07.38.13:962][219]LogModuleManager: Shutting down and abandoning module IntroTutorials (454)
[2018.02.09-07.38.13:962][219]LogModuleManager: Shutting down and abandoning module GameProjectGeneration (453)
[2018.02.09-07.38.13:962][219]LogModuleManager: Shutting down and abandoning module IOSPlatformEditor (450)
[2018.02.09-07.38.13:962][219]LogModuleManager: Shutting down and abandoning module HTML5PlatformEditor (448)
[2018.02.09-07.38.13:962][219]LogModuleManager: Shutting down and abandoning module AndroidPlatformEditor (446)
[2018.02.09-07.38.13:962][219]LogModuleManager: Shutting down and abandoning module AndroidDeviceDetection (445)
[2018.02.09-07.38.14:153][219]LogModuleManager: Shutting down and abandoning module WindowsPlatformEditor (442)
[2018.02.09-07.38.14:153][219]LogModuleManager: Shutting down and abandoning module IOSRuntimeSettings (440)
[2018.02.09-07.38.14:153][219]LogModuleManager: Shutting down and abandoning module AndroidRuntimeSettings (438)
[2018.02.09-07.38.14:153][219]LogModuleManager: Shutting down and abandoning module InputBindingEditor (436)
[2018.02.09-07.38.14:153][219]LogModuleManager: Shutting down and abandoning module MergeActors (434)
[2018.02.09-07.38.14:153][219]LogModuleManager: Shutting down and abandoning module SizeMap (432)
[2018.02.09-07.38.14:153][219]LogModuleManager: Shutting down and abandoning module TreeMap (430)
[2018.02.09-07.38.14:153][219]LogModuleManager: Shutting down and abandoning module ReferenceViewer (428)
[2018.02.09-07.38.14:153][219]LogModuleManager: Shutting down and abandoning module LocalizationDashboard (426)
[2018.02.09-07.38.14:153][219]LogModuleManager: Shutting down and abandoning module LocalizationService (425)
[2018.02.09-07.38.14:153][219]LogModuleManager: Shutting down and abandoning module HardwareTargeting (422)
[2018.02.09-07.38.14:154][219]LogModuleManager: Shutting down and abandoning module DeviceProfileEditor (420)
[2018.02.09-07.38.14:154][219]LogModuleManager: Shutting down and abandoning module UndoHistory (418)
[2018.02.09-07.38.14:154][219]LogModuleManager: Shutting down and abandoning module XmlParser (416)
[2018.02.09-07.38.14:154][219]LogModuleManager: Shutting down and abandoning module Blutility (414)
[2018.02.09-07.38.14:154][219]LogModuleManager: Shutting down and abandoning module ProjectSettingsViewer (412)
[2018.02.09-07.38.14:154][219]LogModuleManager: Shutting down and abandoning module ProjectTargetPlatformEditor (411)
[2018.02.09-07.38.14:154][219]LogModuleManager: Shutting down and abandoning module EditorSettingsViewer (408)
[2018.02.09-07.38.14:154][219]LogModuleManager: Shutting down and abandoning module SettingsEditor (406)
[2018.02.09-07.38.14:154][219]LogModuleManager: Shutting down and abandoning module ProjectLauncher (404)
[2018.02.09-07.38.14:154][219]LogModuleManager: Shutting down and abandoning module SessionFrontend (402)
[2018.02.09-07.38.14:154][219]LogModuleManager: Shutting down and abandoning module ProfilerClient (400)
[2018.02.09-07.38.14:154][219]LogModuleManager: Shutting down and abandoning module DeviceManager (398)
[2018.02.09-07.38.14:154][219]LogModuleManager: Shutting down and abandoning module TargetDeviceServices (397)
[2018.02.09-07.38.14:209][219]LogModuleManager: Shutting down and abandoning module AutomationController (394)
[2018.02.09-07.38.14:209][219]LogModuleManager: Shutting down and abandoning module AutomationWindow (392)
[2018.02.09-07.38.14:209][219]LogModuleManager: Shutting down and abandoning module Layers (390)
[2018.02.09-07.38.14:209][219]LogModuleManager: Shutting down and abandoning module ComponentVisualizers (388)
[2018.02.09-07.38.14:209][219]LogModuleManager: Shutting down and abandoning module DetailCustomizations (386)
[2018.02.09-07.38.14:209][219]LogModuleManager: Shutting down and abandoning module PackagesDialog (384)
[2018.02.09-07.38.14:209][219]LogModuleManager: Shutting down and abandoning module Persona (382)
[2018.02.09-07.38.14:209][219]LogModuleManager: Shutting down and abandoning module AdvancedPreviewScene (381)
[2018.02.09-07.38.14:209][219]LogModuleManager: Shutting down and abandoning module AnimGraph (379)
[2018.02.09-07.38.14:209][219]LogModuleManager: Shutting down and abandoning module Kismet (376)
[2018.02.09-07.38.14:210][219]LogModuleManager: Shutting down and abandoning module ClassViewer (374)
[2018.02.09-07.38.14:210][219]LogModuleManager: Shutting down and abandoning module Toolbox (372)
[2018.02.09-07.38.14:210][219]LogModuleManager: Shutting down and abandoning module ModuleUI (370)
[2018.02.09-07.38.14:210][219]LogModuleManager: Shutting down and abandoning module MovieSceneTools (368)
[2018.02.09-07.38.14:210][219]LogModuleManager: Shutting down and abandoning module OutputLog (366)
[2018.02.09-07.38.14:210][219]LogModuleManager: Shutting down and abandoning module GammaUI (364)
[2018.02.09-07.38.14:210][219]LogModuleManager: Shutting down and abandoning module Documentation (362)
[2018.02.09-07.38.14:210][219]LogModuleManager: Shutting down and abandoning module MovieSceneTracks (360)
[2018.02.09-07.38.14:210][219]LogModuleManager: Shutting down and abandoning module MovieScene (358)
[2018.02.09-07.38.14:210][219]LogModuleManager: Shutting down and abandoning module Niagara (356)
[2018.02.09-07.38.14:210][219]LogModuleManager: Shutting down and abandoning module NiagaraEditor (355)
[2018.02.09-07.38.14:210][219]LogModuleManager: Shutting down and abandoning module StreamingPauseRendering (352)
[2018.02.09-07.38.14:210][219]LogModuleManager: Shutting down and abandoning module LauncherPlatform (350)
[2018.02.09-07.38.14:210][219]LogModuleManager: Shutting down and abandoning module AnalyticsET (348)
[2018.02.09-07.38.14:210][219]LogModuleManager: Shutting down and abandoning module PortalServices (346)
[2018.02.09-07.38.14:210][219]LogModuleManager: Shutting down and abandoning module PortalRpc (344)
[2018.02.09-07.38.14:210][219]LogModuleManager: Shutting down and abandoning module MessagingRpc (342)
[2018.02.09-07.38.14:210][219]LogModuleManager: Shutting down and abandoning module AIModule (340)
[2018.02.09-07.38.14:210][219]LogModuleManager: Shutting down and abandoning module GameplayDebugger (339)
[2018.02.09-07.38.14:210][219]LogModuleManager: Shutting down and abandoning module AITestSuite (337)
[2018.02.09-07.38.14:210][219]LogModuleManager: Shutting down and abandoning module ProfilerService (334)
[2018.02.09-07.38.14:371][219]LogModuleManager: Shutting down and abandoning module TaskGraph (332)
[2018.02.09-07.38.14:371][219]LogModuleManager: Shutting down and abandoning module SteamVRController (330)
[2018.02.09-07.38.14:371][219]LogModuleManager: Shutting down and abandoning module ProceduralMeshComponentEditor (328)
[2018.02.09-07.38.14:371][219]LogModuleManager: Shutting down and abandoning module ProceduralMeshComponent (326)
[2018.02.09-07.38.14:371][219]LogModuleManager: Shutting down and abandoning module OculusInput (324)
[2018.02.09-07.38.14:371][219]LogModuleManager: Shutting down and abandoning module MobilePatchingUtils (322)
[2018.02.09-07.38.14:371][219]LogModuleManager: Shutting down and abandoning module CustomMeshComponent (320)
[2018.02.09-07.38.14:371][219]LogModuleManager: Shutting down and abandoning module CableComponent (318)
[2018.02.09-07.38.14:371][219]LogModuleManager: Shutting down and abandoning module ArchVisCharacter (316)
[2018.02.09-07.38.14:371][219]LogModuleManager: Shutting down and abandoning module AndroidPermission (314)
[2018.02.09-07.38.14:371][219]LogModuleManager: Shutting down and abandoning module MediaPlayerEditor (310)
[2018.02.09-07.38.14:371][219]LogModuleManager: Shutting down and abandoning module HTML5Networking (308)
[2018.02.09-07.38.14:371][219]LogModuleManager: Shutting down and abandoning module AlembicImporter (306)
[2018.02.09-07.38.14:371][219]LogModuleManager: Shutting down and abandoning module AlembicLibrary (305)
[2018.02.09-07.38.14:371][219]LogModuleManager: Shutting down and abandoning module GeometryCache (304)
[2018.02.09-07.38.14:371][219]LogModuleManager: Shutting down and abandoning module GeometryCacheEd (303)
[2018.02.09-07.38.14:371][219]LogModuleManager: Shutting down and abandoning module SpeedTreeImporter (298)
[2018.02.09-07.38.14:371][219]LogModuleManager: Shutting down and abandoning module PluginBrowser (296)
[2018.02.09-07.38.14:371][219]LogModuleManager: Shutting down and abandoning module MobileLauncherProfileWizard (294)
[2018.02.09-07.38.14:371][219]LogModuleManager: Shutting down and abandoning module VisualStudioSourceCodeAccess (292)
[2018.02.09-07.38.14:371][219]LogModuleManager: Shutting down and abandoning module DesktopPlatform (291)
[2018.02.09-07.38.14:371][219]LogModuleManager: Shutting down and abandoning module UObjectPlugin (288)
[2018.02.09-07.38.14:371][219]LogModuleManager: Shutting down and abandoning module SubversionSourceControl (286)
[2018.02.09-07.38.14:372][219]LogModuleManager: Shutting down and abandoning module PerforceSourceControl (284)
[2018.02.09-07.38.14:372][219]LogModuleManager: Shutting down and abandoning module GitSourceControl (282)
[2018.02.09-07.38.14:372][219]LogModuleManager: Shutting down and abandoning module SourceControl (281)
[2018.02.09-07.38.14:372][219]LogModuleManager: Shutting down and abandoning module LightPropagationVolumeEditor (278)
[2018.02.09-07.38.14:372][219]LogModuleManager: Shutting down and abandoning module PaperTiledImporter (276)
[2018.02.09-07.38.14:372][219]LogModuleManager: Shutting down and abandoning module PaperSpriteSheetImporter (274)
[2018.02.09-07.38.14:372][219]LogModuleManager: Shutting down and abandoning module Paper2DEditor (272)
[2018.02.09-07.38.14:372][219]LogModuleManager: Shutting down and abandoning module MeshPaint (271)
[2018.02.09-07.38.14:372][219]LogModuleManager: Shutting down and abandoning module LevelEditor (269)
[2018.02.09-07.38.14:372][219]LogModuleManager: Shutting down and abandoning module PixelInspectorModule (268)
[2018.02.09-07.38.14:372][219]LogModuleManager: Shutting down and abandoning module MainFrame (266)
[2018.02.09-07.38.14:372][219]LogModuleManager: Shutting down and abandoning module HotReload (265)
[2018.02.09-07.38.14:372][219]LogModuleManager: Shutting down and abandoning module RuntimePhysXCooking (260)
[2018.02.09-07.38.14:372][219]LogModuleManager: Shutting down and abandoning module PhysXVehiclesEditor (258)
[2018.02.09-07.38.14:372][219]LogModuleManager: Shutting down and abandoning module PhysXVehicles (256)
[2018.02.09-07.38.14:372][219]LogModuleManager: Shutting down and abandoning module OculusEditor (254)
[2018.02.09-07.38.14:372][219]LogModuleManager: Shutting down and abandoning module LocationServicesBPLibrary (252)
[2018.02.09-07.38.14:372][219]LogModuleManager: Shutting down and abandoning module ImmediatePhysicsEditor (250)
[2018.02.09-07.38.14:372][219]LogModuleManager: Shutting down and abandoning module ImmediatePhysics (248)
[2018.02.09-07.38.14:372][219]LogModuleManager: Shutting down and abandoning module UdpMessaging (246)
[2018.02.09-07.38.14:473][219]LogModuleManager: Shutting down and abandoning module TcpMessaging (244)
[2018.02.09-07.38.14:574][219]LogModuleManager: Shutting down and abandoning module GameplayTagsEditor (242)
[2018.02.09-07.38.14:574][219]LogModuleManager: Shutting down and abandoning module FacialAnimationEditor (240)
[2018.02.09-07.38.14:574][219]LogModuleManager: Shutting down and abandoning module FacialAnimation (238)
[2018.02.09-07.38.14:574][219]LogModuleManager: Shutting down and abandoning module AssetManagerEditor (236)
[2018.02.09-07.38.14:574][219]LogModuleManager: Shutting down and abandoning module GraphEditor (235)
[2018.02.09-07.38.14:574][219]LogModuleManager: Shutting down and abandoning module ContentBrowser (233)
[2018.02.09-07.38.14:574][219]LogModuleManager: Shutting down and abandoning module LightPropagationVolumeRuntime (230)
[2018.02.09-07.38.14:574][219]LogModuleManager: Shutting down and abandoning module Paper2D (228)
[2018.02.09-07.38.14:574][219]LogModuleManager: Shutting down and abandoning module WindowsMoviePlayer (226)
[2018.02.09-07.38.14:574][219]LogModuleManager: Shutting down and abandoning module WmfMedia (224)
[2018.02.09-07.38.14:576][219]LogModuleManager: Shutting down and abandoning module PacketHandler (222)
[2018.02.09-07.38.14:576][219]LogModuleManager: Shutting down and abandoning module ClothingSystemEditor (220)
[2018.02.09-07.38.14:576][219]LogModuleManager: Shutting down and abandoning module ClothingSystemRuntime (218)
[2018.02.09-07.38.14:576][219]LogModuleManager: Shutting down and abandoning module Overlay (216)
[2018.02.09-07.38.14:576][219]LogModuleManager: Shutting down and abandoning module OverlayEditor (215)
[2018.02.09-07.38.14:576][219]LogModuleManager: Shutting down and abandoning module MediaAssets (212)
[2018.02.09-07.38.14:576][219]LogModuleManager: Shutting down and abandoning module VREditor (210)
[2018.02.09-07.38.14:576][219]LogModuleManager: Shutting down and abandoning module StringTableEditor (208)
[2018.02.09-07.38.14:576][219]LogModuleManager: Shutting down and abandoning module GameplayTasksEditor (206)
[2018.02.09-07.38.14:576][219]LogModuleManager: Shutting down and abandoning module BehaviorTreeEditor (204)
[2018.02.09-07.38.14:576][219]LogModuleManager: Shutting down and abandoning module FunctionalTesting (202)
[2018.02.09-07.38.14:576][219]LogModuleManager: Shutting down and abandoning module CollisionAnalyzer (200)
[2018.02.09-07.38.14:576][219]LogModuleManager: Shutting down and abandoning module WorkspaceMenuStructure (199)
[2018.02.09-07.38.14:576][219]LogModuleManager: Shutting down and abandoning module UMG (196)
[2018.02.09-07.38.14:576][219]LogModuleManager: Shutting down and abandoning module UMGEditor (195)
[2018.02.09-07.38.14:577][219]LogModuleManager: Shutting down and abandoning module Sequencer (194)
[2018.02.09-07.38.14:577][219]LogModuleManager: Shutting down and abandoning module MessageLog (191)
[2018.02.09-07.38.14:577][219]LogModuleManager: Shutting down and abandoning module SlateReflector (186)
[2018.02.09-07.38.14:577][219]LogModuleManager: Shutting down and abandoning module Slate (184)
[2018.02.09-07.38.14:577][219]LogModuleManager: Shutting down and abandoning module EditorStyle (182)
[2018.02.09-07.38.14:578][219]LogModuleManager: Shutting down and abandoning module MRMesh (180)
[2018.02.09-07.38.14:578][219]LogModuleManager: Shutting down and abandoning module SourceCodeAccess (178)
[2018.02.09-07.38.14:578][219]LogModuleManager: Shutting down and abandoning module HeadMountedDisplay (176)
[2018.02.09-07.38.14:578][219]LogModuleManager: Shutting down and abandoning module XAudio2 (174)
[2018.02.09-07.38.14:578][219]LogModuleManager: Shutting down and abandoning module Networking (172)
[2018.02.09-07.38.14:578][219]LogModuleManager: Shutting down and abandoning module Core (168)
[2018.02.09-07.38.14:579][219]LogModuleManager: Shutting down and abandoning module KismetCompiler (164)
[2018.02.09-07.38.14:579][219]LogModuleManager: Shutting down and abandoning module LevelSequence (162)
[2018.02.09-07.38.14:579][219]LogModuleManager: Shutting down and abandoning module MeshUtilities (160)
[2018.02.09-07.38.14:579][219]LogModuleManager: Shutting down and abandoning module MeshMergeUtilities (159)
[2018.02.09-07.38.14:579][219]LogModuleManager: Shutting down and abandoning module MeshReductionInterface (158)
[2018.02.09-07.38.14:579][219]LogModuleManager: Shutting down and abandoning module SimplygonSwarm (157)
[2018.02.09-07.38.14:579][219]LogModuleManager: Shutting down and abandoning module SimplygonMeshReduction (155)
[2018.02.09-07.38.14:579][219]LogModuleManager: Shutting down and abandoning module QuadricMeshReduction (153)
[2018.02.09-07.38.14:579][219]LogModuleManager: Shutting down and abandoning module MaterialBaking (149)
[2018.02.09-07.38.14:579][219]LogModuleManager: Shutting down and abandoning module DirectoryWatcher (146)
[2018.02.09-07.38.14:579][219]LogModuleManager: Shutting down and abandoning module DerivedDataCache (144)
[2018.02.09-07.38.14:888][219]LogDerivedDataCache: Shutdown
[2018.02.09-07.38.14:888][219]LogModuleManager: Shutting down and abandoning module TargetPlatform (142)
[2018.02.09-07.38.14:888][219]LogModuleManager: Shutting down and abandoning module VulkanShaderFormat (141)
[2018.02.09-07.38.14:888][219]LogModuleManager: Shutting down and abandoning module ShaderFormatVectorVM (139)
[2018.02.09-07.38.14:888][219]LogModuleManager: Shutting down and abandoning module ShaderFormatOpenGL (137)
[2018.02.09-07.38.14:888][219]LogModuleManager: Shutting down and abandoning module ShaderFormatD3D (135)
[2018.02.09-07.38.14:888][219]LogModuleManager: Shutting down and abandoning module MetalShaderFormat (133)
[2018.02.09-07.38.14:888][219]LogModuleManager: Shutting down and abandoning module TextureFormatUncompressed (131)
[2018.02.09-07.38.14:889][219]LogModuleManager: Shutting down and abandoning module TextureFormatPVR (129)
[2018.02.09-07.38.14:889][219]LogModuleManager: Shutting down and abandoning module TextureFormatDXT (127)
[2018.02.09-07.38.14:889][219]LogModuleManager: Shutting down and abandoning module TextureFormatIntelISPCTexComp (125)
[2018.02.09-07.38.14:889][219]LogModuleManager: Shutting down and abandoning module TextureFormatASTC (123)
[2018.02.09-07.38.14:889][219]LogModuleManager: Shutting down and abandoning module ImageWrapper (122)
[2018.02.09-07.38.14:889][219]LogModuleManager: Shutting down and abandoning module TextureFormatAndroid (119)
[2018.02.09-07.38.14:889][219]LogModuleManager: Shutting down and abandoning module AudioFormatOpus (117)
[2018.02.09-07.38.14:889][219]LogModuleManager: Shutting down and abandoning module AudioFormatOgg (115)
[2018.02.09-07.38.14:889][219]LogModuleManager: Shutting down and abandoning module AudioFormatADPCM (113)
[2018.02.09-07.38.14:889][219]LogModuleManager: Shutting down and abandoning module LinuxTargetPlatform (111)
[2018.02.09-07.38.14:889][219]LogModuleManager: Shutting down and abandoning module LinuxServerTargetPlatform (109)
[2018.02.09-07.38.14:889][219]LogModuleManager: Shutting down and abandoning module LinuxNoEditorTargetPlatform (107)
[2018.02.09-07.38.14:889][219]LogModuleManager: Shutting down and abandoning module LinuxClientTargetPlatform (105)
[2018.02.09-07.38.14:889][219]LogModuleManager: Shutting down and abandoning module TVOSTargetPlatform (103)
[2018.02.09-07.38.14:889][219]LogModuleManager: Shutting down and abandoning module Messaging (101)
[2018.02.09-07.38.14:889][219]LogModuleManager: Shutting down and abandoning module IOSTargetPlatform (99)
[2018.02.09-07.38.14:889][219]LogModuleManager: Shutting down and abandoning module HTML5TargetPlatform (97)
[2018.02.09-07.38.14:889][219]LogModuleManager: Shutting down and abandoning module Android_PVRTCTargetPlatform (95)
[2018.02.09-07.38.14:889][219]LogModuleManager: Shutting down and abandoning module Android_MultiTargetPlatform (93)
[2018.02.09-07.38.14:889][219]LogModuleManager: Shutting down and abandoning module Android_ETC2TargetPlatform (91)
[2018.02.09-07.38.14:889][219]LogModuleManager: Shutting down and abandoning module Android_ETC1TargetPlatform (89)
[2018.02.09-07.38.14:889][219]LogModuleManager: Shutting down and abandoning module Android_DXTTargetPlatform (87)
[2018.02.09-07.38.14:889][219]LogModuleManager: Shutting down and abandoning module Android_ATCTargetPlatform (85)
[2018.02.09-07.38.14:889][219]LogModuleManager: Shutting down and abandoning module Android_ASTCTargetPlatform (83)
[2018.02.09-07.38.14:889][219]LogModuleManager: Shutting down and abandoning module AndroidTargetPlatform (81)
[2018.02.09-07.38.14:889][219]LogModuleManager: Shutting down and abandoning module WindowsTargetPlatform (79)
[2018.02.09-07.38.14:889][219]LogModuleManager: Shutting down and abandoning module WindowsServerTargetPlatform (77)
[2018.02.09-07.38.14:889][219]LogModuleManager: Shutting down and abandoning module WindowsNoEditorTargetPlatform (75)
[2018.02.09-07.38.14:889][219]LogModuleManager: Shutting down and abandoning module WindowsClientTargetPlatform (73)
[2018.02.09-07.38.14:889][219]LogModuleManager: Shutting down and abandoning module MacTargetPlatform (71)
[2018.02.09-07.38.14:889][219]LogModuleManager: Shutting down and abandoning module MacServerTargetPlatform (69)
[2018.02.09-07.38.14:889][219]LogModuleManager: Shutting down and abandoning module MacNoEditorTargetPlatform (67)
[2018.02.09-07.38.14:889][219]LogModuleManager: Shutting down and abandoning module MacClientTargetPlatform (65)
[2018.02.09-07.38.14:889][219]LogModuleManager: Shutting down and abandoning module AllDesktopTargetPlatform (63)
[2018.02.09-07.38.14:889][219]LogModuleManager: Shutting down and abandoning module InputCore (60)
[2018.02.09-07.38.14:889][219]LogModuleManager: Shutting down and abandoning module Settings (58)
[2018.02.09-07.38.14:889][219]LogModuleManager: Shutting down and abandoning module PhysXCooking (56)
[2018.02.09-07.38.14:889][219]LogModuleManager: Shutting down and abandoning module SteamVR (54)
[2018.02.09-07.38.14:889][219]LogModuleManager: Shutting down and abandoning module OculusHMD (52)
[2018.02.09-07.38.14:889][219]LogModuleManager: Shutting down and abandoning module ExampleDeviceProfileSelector (50)
[2018.02.09-07.38.14:889][219]LogModuleManager: Shutting down and abandoning module OnlineBlueprintSupport (48)
[2018.02.09-07.38.14:889][219]LogModuleManager: Shutting down and abandoning module OnlineSubsystem (44)
[2018.02.09-07.38.14:889][219]LogOnline: Display: Unloading online subsystem: NULL
[2018.02.09-07.38.14:889][219]LogModuleManager: Shutting down and abandoning module XMPP (43)
[2018.02.09-07.38.14:889][219]LogModuleManager: Shutting down and abandoning module HTTP (41)
[2018.02.09-07.38.14:889][219]LogHttp: Display: Http module shutting down, but needs to wait on 1 outstanding Http requests:
[2018.02.09-07.38.14:889][219]LogHttp: Display: 	verb=[POST] url=[https://datarouter.ol.epicgames.com/datarouter/api/v1/public/data?SessionID=%7B86E27C18-4B54-E788-E3B9-398946F858FA%7D&AppID=UEEditor.Rocket.Release&AppVersion=4.17.2-3658906%2B%2B%2BUE4%2BRelease-4.17&UserID=c61a6df84a3c39e0dc9c9988668258ac%7C4f886e461de7477b8aca7b213832c53c%7C42e41677-0be6-4bd9-b618-381a859597ed&AppEnvironment=datacollector-binary&UploadType=eteventstream] status=Processing
[2018.02.09-07.38.14:922][219]LogModuleManager: Shutting down and abandoning module SSL (40)
[2018.02.09-07.38.14:923][219]LogModuleManager: Shutting down and abandoning module AnimationModifiers (36)
[2018.02.09-07.38.14:923][219]LogModuleManager: Shutting down and abandoning module PropertyEditor (35)
[2018.02.09-07.38.14:923][219]LogModuleManager: Shutting down and abandoning module AudioEditor (32)
[2018.02.09-07.38.14:923][219]LogModuleManager: Shutting down and abandoning module TextureCompressor (30)
[2018.02.09-07.38.14:923][219]LogModuleManager: Shutting down and abandoning module ShaderCore (28)
[2018.02.09-07.38.14:923][219]LogModuleManager: Shutting down and abandoning module Landscape (26)
[2018.02.09-07.38.14:923][219]LogModuleManager: Shutting down and abandoning module SlateRHIRenderer (24)
[2018.02.09-07.38.14:923][219]LogModuleManager: Shutting down and abandoning module OpenGLDrv (22)
[2018.02.09-07.38.14:923][219]LogModuleManager: Shutting down and abandoning module D3D11RHI (20)
[2018.02.09-07.38.14:923][219]LogModuleManager: Shutting down and abandoning module AnimGraphRuntime (18)
[2018.02.09-07.38.14:923][219]LogModuleManager: Shutting down and abandoning module Renderer (16)
[2018.02.09-07.38.14:923][219]LogModuleManager: Shutting down and abandoning module Engine (14)
[2018.02.09-07.38.14:923][219]LogModuleManager: Shutting down and abandoning module CoreUObject (12)
[2018.02.09-07.38.14:923][219]LogModuleManager: Shutting down and abandoning module NetworkFile (10)
[2018.02.09-07.38.14:923][219]LogModuleManager: Shutting down and abandoning module CookedIterativeFile (8)
[2018.02.09-07.38.14:923][219]LogModuleManager: Shutting down and abandoning module StreamingFile (6)
[2018.02.09-07.38.14:923][219]LogModuleManager: Shutting down and abandoning module SandboxFile (4)
[2018.02.09-07.38.14:923][219]LogModuleManager: Shutting down and abandoning module PakFile (2)
[2018.02.09-07.38.14:926][219]LogExit: Exiting.
[2018.02.09-07.38.14:930][219]Log file closed, 02/09/18 08:38:14
